#
# There is insufficient memory for the Java Runtime Environment to continue.
# Native memory allocation (malloc) failed to allocate 1048576 bytes for AllocateHeap
# Possible reasons:
#   The system is out of physical RAM or swap space
#   The process is running with CompressedOops enabled, and the Java Heap may be blocking the growth of the native heap
# Possible solutions:
#   Reduce memory load on the system
#   Increase physical memory or swap space
#   Check if swap backing store is full
#   Decrease Java heap size (-Xmx/-Xms)
#   Decrease number of Java threads
#   Decrease Java thread stack sizes (-Xss)
#   Set larger code cache with -XX:ReservedCodeCacheSize=
#   JVM is running with Unscaled Compressed Oops mode in which the Java heap is
#     placed in the first 4GB address space. The Java Heap base address is the
#     maximum limit for the native heap growth. Please use -XX:HeapBaseMinAddress
#     to set the Java Heap base and to place the Java Heap above 4GB virtual address.
# This output file may be truncated or incomplete.
#
#  Out of Memory Error (allocation.cpp:44), pid=7080, tid=20044
#
# JRE version:  (17.0.10+7) (build )
# Java VM: OpenJDK 64-Bit Server VM (17.0.10+7-LTS, mixed mode, sharing, tiered, compressed oops, compressed class ptrs, g1 gc, windows-amd64)
# No core dump will be written. Minidumps are not enabled by default on client versions of Windows
#

---------------  S U M M A R Y ------------

Command Line: -javaagent:C:\Program Files\JetBrains\IntelliJ IDEA Community Edition 2023.3.4\lib\idea_rt.jar=54101:C:\Program Files\JetBrains\IntelliJ IDEA Community Edition 2023.3.4\bin -Dfile.encoding=UTF-8 com.example.registrationlogindemo.RegistrationLoginDemoApplication

Host: Intel(R) Core(TM) i7-8565U CPU @ 1.80GHz, 8 cores, 7G,  Windows 11 , 64 bit Build 22621 (10.0.22621.3085)
Time: Tue Mar 12 17:48:50 2024 Sri Lanka Standard Time elapsed time: 0.021411 seconds (0d 0h 0m 0s)

---------------  T H R E A D  ---------------

Current thread (0x0000017cb9867fa0):  JavaThread "Unknown thread" [_thread_in_vm, id=20044, stack(0x00000071ff500000,0x00000071ff600000)]

Stack: [0x00000071ff500000,0x00000071ff600000]
Native frames: (J=compiled Java code, j=interpreted, Vv=VM code, C=native code)
V  [jvm.dll+0x67d2c9]
V  [jvm.dll+0x834b1a]
V  [jvm.dll+0x8365de]
V  [jvm.dll+0x836c43]
V  [jvm.dll+0x2477ff]
V  [jvm.dll+0xa6c93]
V  [jvm.dll+0x2e7367]
V  [jvm.dll+0x2df18b]
V  [jvm.dll+0x806381]
V  [jvm.dll+0x36c6f1]
V  [jvm.dll+0x7e4e26]
V  [jvm.dll+0x3eff3f]
V  [jvm.dll+0x3f1b71]
C  [jli.dll+0x528f]
C  [ucrtbase.dll+0x29363]
C  [KERNEL32.DLL+0x1257d]
C  [ntdll.dll+0x5aa58]


---------------  P R O C E S S  ---------------

Threads class SMR info:
_java_thread_list=0x00007ffade04ee98, length=0, elements={
}

Java Threads: ( => current thread )

Other Threads:
  0x0000017cb98c3c50 GCTaskThread "GC Thread#0" [stack: 0x00000071ff600000,0x00000071ff700000] [id=19624]

[error occurred during error reporting (printing all threads), id 0xc0000005, EXCEPTION_ACCESS_VIOLATION (0xc0000005) at pc=0x00007ffadd80c2b0]

VM state: not at safepoint (not fully initialized)

VM Mutex/Monitor currently owned by a thread:  ([mutex/lock_event])
[0x0000017cb9865230] Heap_lock - owner thread: 0x0000017cb9867fa0

Heap address: 0x0000000082400000, size: 2012 MB, Compressed Oops mode: 32-bit

CDS archive(s) mapped at: [0x0000000000000000-0x0000000000000000-0x0000000000000000), size 0, SharedBaseAddress: 0x0000000800000000, ArchiveRelocationMode: 1.
Narrow klass base: 0x0000000000000000, Narrow klass shift: 0, Narrow klass range: 0x0

GC Precious Log:
<Empty>

Heap:
 garbage-first heap   total 0K, used 0K [0x0000000082400000, 0x0000000100000000)
  region size 1024K, 0 young (0K), 0 survivors (0K)

[error occurred during error reporting (printing heap information), id 0xc0000005, EXCEPTION_ACCESS_VIOLATION (0xc0000005) at pc=0x00007ffaddbf6fb9]

GC Heap History (0 events):
No events

Dll operation events (1 events):
Event: 0.015 Loaded shared library C:\Users\Nethmi\.jdks\corretto-17.0.10\bin\java.dll

Deoptimization events (0 events):
No events

Classes unloaded (0 events):
No events

Classes redefined (0 events):
No events

Internal exceptions (0 events):
No events

VM Operations (0 events):
No events

Events (0 events):
No events


Dynamic libraries:
0x00007ff653d60000 - 0x00007ff653d6e000 	C:\Users\Nethmi\.jdks\corretto-17.0.10\bin\java.exe
0x00007ffb91eb0000 - 0x00007ffb920c7000 	C:\WINDOWS\SYSTEM32\ntdll.dll
0x00007ffb8fc00000 - 0x00007ffb8fcc4000 	C:\WINDOWS\System32\KERNEL32.DLL
0x00007ffb8f220000 - 0x00007ffb8f5c6000 	C:\WINDOWS\System32\KERNELBASE.dll
0x00007ffb8f730000 - 0x00007ffb8f841000 	C:\WINDOWS\System32\ucrtbase.dll
0x00007ffb40ee0000 - 0x00007ffb40ef7000 	C:\Users\Nethmi\.jdks\corretto-17.0.10\bin\jli.dll
0x00007ffb40ec0000 - 0x00007ffb40edb000 	C:\Users\Nethmi\.jdks\corretto-17.0.10\bin\VCRUNTIME140.dll
0x00007ffb90530000 - 0x00007ffb906de000 	C:\WINDOWS\System32\USER32.dll
0x00007ffb74520000 - 0x00007ffb747b3000 	C:\WINDOWS\WinSxS\amd64_microsoft.windows.common-controls_6595b64144ccf1df_6.0.22621.2506_none_270c5ae97388e100\COMCTL32.dll
0x00007ffb8f5d0000 - 0x00007ffb8f5f6000 	C:\WINDOWS\System32\win32u.dll
0x00007ffb8fe20000 - 0x00007ffb8fec7000 	C:\WINDOWS\System32\msvcrt.dll
0x00007ffb91900000 - 0x00007ffb91929000 	C:\WINDOWS\System32\GDI32.dll
0x00007ffb8f9c0000 - 0x00007ffb8fad8000 	C:\WINDOWS\System32\gdi32full.dll
0x00007ffb8fb60000 - 0x00007ffb8fbfa000 	C:\WINDOWS\System32\msvcp_win.dll
0x00007ffb913e0000 - 0x00007ffb91411000 	C:\WINDOWS\System32\IMM32.DLL
0x00007ffb77550000 - 0x00007ffb7755c000 	C:\Users\Nethmi\.jdks\corretto-17.0.10\bin\vcruntime140_1.dll
0x00007ffb3d670000 - 0x00007ffb3d6fd000 	C:\Users\Nethmi\.jdks\corretto-17.0.10\bin\msvcp140.dll
0x00007ffadd520000 - 0x00007ffade182000 	C:\Users\Nethmi\.jdks\corretto-17.0.10\bin\server\jvm.dll
0x00007ffb90870000 - 0x00007ffb90923000 	C:\WINDOWS\System32\ADVAPI32.dll
0x00007ffb90ac0000 - 0x00007ffb90b68000 	C:\WINDOWS\System32\sechost.dll
0x00007ffb8f1f0000 - 0x00007ffb8f218000 	C:\WINDOWS\System32\bcrypt.dll
0x00007ffb91bf0000 - 0x00007ffb91d07000 	C:\WINDOWS\System32\RPCRT4.dll
0x00007ffb72290000 - 0x00007ffb72299000 	C:\WINDOWS\SYSTEM32\WSOCK32.dll
0x00007ffb83a00000 - 0x00007ffb83a34000 	C:\WINDOWS\SYSTEM32\WINMM.dll
0x00007ffb904b0000 - 0x00007ffb90521000 	C:\WINDOWS\System32\WS2_32.dll
0x00007ffb8ead0000 - 0x00007ffb8eb1d000 	C:\WINDOWS\SYSTEM32\POWRPROF.dll
0x00007ffb836b0000 - 0x00007ffb836ba000 	C:\WINDOWS\SYSTEM32\VERSION.dll
0x00007ffb8ea30000 - 0x00007ffb8ea43000 	C:\WINDOWS\SYSTEM32\UMPDC.dll
0x00007ffb8e230000 - 0x00007ffb8e248000 	C:\WINDOWS\SYSTEM32\kernel.appcore.dll
0x00007ffb76f70000 - 0x00007ffb76f7a000 	C:\Users\Nethmi\.jdks\corretto-17.0.10\bin\jimage.dll
0x00007ffb89410000 - 0x00007ffb89643000 	C:\WINDOWS\SYSTEM32\DBGHELP.DLL
0x00007ffb8fed0000 - 0x00007ffb90259000 	C:\WINDOWS\System32\combase.dll
0x00007ffb8fcd0000 - 0x00007ffb8fda7000 	C:\WINDOWS\System32\OLEAUT32.dll
0x00007ffb72a70000 - 0x00007ffb72aa2000 	C:\WINDOWS\SYSTEM32\dbgcore.DLL
0x00007ffb8fae0000 - 0x00007ffb8fb5a000 	C:\WINDOWS\System32\bcryptPrimitives.dll
0x00007ffb88b50000 - 0x00007ffb88b5e000 	C:\Users\Nethmi\.jdks\corretto-17.0.10\bin\instrument.dll
0x00007ffb40a50000 - 0x00007ffb40a75000 	C:\Users\Nethmi\.jdks\corretto-17.0.10\bin\java.dll

dbghelp: loaded successfully - version: 4.0.5 - missing functions: none
symbol engine: initialized successfully - sym options: 0x614 - pdb path: .;C:\Users\Nethmi\.jdks\corretto-17.0.10\bin;C:\WINDOWS\SYSTEM32;C:\WINDOWS\WinSxS\amd64_microsoft.windows.common-controls_6595b64144ccf1df_6.0.22621.2506_none_270c5ae97388e100;C:\Users\Nethmi\.jdks\corretto-17.0.10\bin\server

VM Arguments:
jvm_args: -javaagent:C:\Program Files\JetBrains\IntelliJ IDEA Community Edition 2023.3.4\lib\idea_rt.jar=54101:C:\Program Files\JetBrains\IntelliJ IDEA Community Edition 2023.3.4\bin -Dfile.encoding=UTF-8 
java_command: com.example.registrationlogindemo.RegistrationLoginDemoApplication
java_class_path (initial): D:\New-OB-App-main\target\classes;C:\Users\Nethmi\.m2\repository\org\springframework\boot\spring-boot-starter-data-jpa\3.0.0\spring-boot-starter-data-jpa-3.0.0.jar;C:\Users\Nethmi\.m2\repository\org\springframework\boot\spring-boot-starter-aop\3.0.0\spring-boot-starter-aop-3.0.0.jar;C:\Users\Nethmi\.m2\repository\org\springframework\spring-aop\6.0.2\spring-aop-6.0.2.jar;C:\Users\Nethmi\.m2\repository\org\aspectj\aspectjweaver\1.9.9.1\aspectjweaver-1.9.9.1.jar;C:\Users\Nethmi\.m2\repository\org\springframework\boot\spring-boot-starter-jdbc\3.0.0\spring-boot-starter-jdbc-3.0.0.jar;C:\Users\Nethmi\.m2\repository\com\zaxxer\HikariCP\5.0.1\HikariCP-5.0.1.jar;C:\Users\Nethmi\.m2\repository\org\springframework\spring-jdbc\6.0.2\spring-jdbc-6.0.2.jar;C:\Users\Nethmi\.m2\repository\org\hibernate\orm\hibernate-core\6.1.5.Final\hibernate-core-6.1.5.Final.jar;C:\Users\Nethmi\.m2\repository\jakarta\persistence\jakarta.persistence-api\3.1.0\jakarta.persistence-api-3.1.0.jar;C:\Users\Nethmi\.m2\repository\jakarta\transaction\jakarta.transaction-api\2.0.1\jakarta.transaction-api-2.0.1.jar;C:\Users\Nethmi\.m2\repository\org\jboss\logging\jboss-logging\3.5.0.Final\jboss-logging-3.5.0.Final.jar;C:\Users\Nethmi\.m2\repository\org\hibernate\common\hibernate-commons-annotations\6.0.2.Final\hibernate-commons-annotations-6.0.2.Final.jar;C:\Users\Nethmi\.m2\repository\org\jboss\jandex\2.4.2.Final\jandex-2.4.2.Final.jar;C:\Users\Nethmi\.m2\repository\com\fasterxml\classmate\1.5.1\classmate-1.5.1.jar;C:\Users\Nethmi\.m2\repository\net\bytebuddy\byte-buddy\1.12.19\byte-buddy-1.12.19.jar;C:\Users\Nethmi\.m2\repository\org\glassfish\jaxb\jaxb-runtime\4.0.1\jaxb-runtime-4.0.1.jar;C:\Users\Nethmi\.m2\repository\org\glassfish\jaxb\jaxb-core\4.0.1\jaxb-core-4.0.1.jar;C:\Users\Nethmi\.m2\repository\org\eclipse\angus\angus-activation\1.0.0\angus-activation-1.0.0.jar;C:\Users\Nethmi\.m2\repository\org\glassfish\jaxb\txw2\4.0.1\txw2-4.0.1.jar;C:\Users\Nethmi\.m2\repository\c
Launcher Type: SUN_STANDARD

[Global flags]
     intx CICompilerCount                          = 4                                         {product} {ergonomic}
     uint ConcGCThreads                            = 2                                         {product} {ergonomic}
     uint G1ConcRefinementThreads                  = 8                                         {product} {ergonomic}
   size_t G1HeapRegionSize                         = 1048576                                   {product} {ergonomic}
    uintx GCDrainStackTargetSize                   = 64                                        {product} {ergonomic}
   size_t InitialHeapSize                          = 132120576                                 {product} {ergonomic}
   size_t MarkStackSize                            = 4194304                                   {product} {ergonomic}
   size_t MaxHeapSize                              = 2109734912                                {product} {ergonomic}
   size_t MinHeapDeltaBytes                        = 1048576                                   {product} {ergonomic}
   size_t MinHeapSize                              = 8388608                                   {product} {ergonomic}
    uintx NonNMethodCodeHeapSize                   = 5839372                                {pd product} {ergonomic}
    uintx NonProfiledCodeHeapSize                  = 122909434                              {pd product} {ergonomic}
    uintx ProfiledCodeHeapSize                     = 122909434                              {pd product} {ergonomic}
    uintx ReservedCodeCacheSize                    = 251658240                              {pd product} {ergonomic}
     bool SegmentedCodeCache                       = true                                      {product} {ergonomic}
   size_t SoftMaxHeapSize                          = 2109734912                             {manageable} {ergonomic}
     bool UseCompressedClassPointers               = true                           {product lp64_product} {ergonomic}
     bool UseCompressedOops                        = true                           {product lp64_product} {ergonomic}
     bool UseG1GC                                  = true                                      {product} {ergonomic}
     bool UseLargePagesIndividualAllocation        = false                                  {pd product} {ergonomic}

Logging:
Log output configuration:
 #0: stdout all=warning uptime,level,tags
 #1: stderr all=off uptime,level,tags

Environment Variables:
PATH=C:\Program Files\Common Files\Oracle\Java\javapath;C:\Program Files (x86)\Common Files\Oracle\Java\javapath;C:\Program Files\Java\jdk1.8.0_241\bin;C:\Program Files\Java\jdk-13.0.2\bin;C:\Program Files\PuTTY\;C:\Users\Nethmi;C:\Windows\System32;C:\Program Files (x86)\Yarn\bin\;C:\Users\Nethmi\AppData\Local\Android\Sdk\platform-tools;C:\WINDOWS\system32;C:\WINDOWS;C:\WINDOWS\System32\Wbem;C:\WINDOWS\System32\WindowsPowerShell\v1.0\;C:\WINDOWS\System32\OpenSSH\;C:\Program Files\Git\cmd;C:\Program Files (x86)\sbt\bin;C:\Program Files\Microsoft SQL Server\130\Tools\Binn\;C:\Program Files\Microsoft SQL Server\Client SDK\ODBC\170\Tools\Binn\;C:\src\flutter\bin;C:\Program Files\nodejs\;C:\Program Files (x86)\Microsoft SQL Server\150\Tools\Binn\;C:\Program Files\Microsoft SQL Server\150\Tools\Binn\;C:\Program Files\Microsoft SQL Server\150\DTS\Binn\;C:\Program Files (x86)\Microsoft SQL Server\150\DTS\Binn\;C:\Program Files\Azure Data Studio\bin;C:\Users\Nethmi\Desktop\xampp\php\windowsXamppPhp;;C:\Program Files\Git LFS;C:\Program Files\MySQL\MySQL Shell 8.0\bin\;D:\programs\anaconda3;D:\programs\anaconda3\Library\mingw-w64\bin;D:\programs\anaconda3\Library\usr\bin;D:\programs\anaconda3\Library\bin;D:\programs\anaconda3\Scripts;C:\Users\Nethmi\AppData\Local\Programs\Python\Python37-32\Scripts\;C:\Users\Nethmi\AppData\Local\Programs\Python\Python37-32\;C:\Users\Nethmi\AppData\Local\Microsoft\WindowsApps;c:\src\fkutter\flutter\bin\;C:\src\flutter\flutter\bin;C:\Users\Nethmi\AppData\Local\Yarn\bin;C:\Users\Nethmi\AppData\Local\GitHubDesktop\bin;C:\Users\Nethmi\AppData\Local\Programs\Microsoft VS Code\bin;C:\Users\Nethmi\AppData\Roaming\npm;C:\Program Files\Azure Data Studio\bin;C:\Users\Nethmi\Desktop\xampp\php\windowsXamppPhp;;C:\Program Files\JetBrains\PyCharm 2022.3\bin;;C:\Program Files\JetBrains\IntelliJ IDEA 2023.3.4\bin;;C:\Program Files\JetBrains\IntelliJ IDEA Community Edition 2023.3.4\bin;
USERNAME=Nethmi
OS=Windows_NT
PROCESSOR_IDENTIFIER=Intel64 Family 6 Model 142 Stepping 12, GenuineIntel
TMP=C:\Users\Nethmi\AppData\Local\Temp
TEMP=C:\Users\Nethmi\AppData\Local\Temp



Periodic native trim disabled


---------------  S Y S T E M  ---------------

OS:
 Windows 11 , 64 bit Build 22621 (10.0.22621.3085)
OS uptime: 2 days 20:22 hours

CPU: total 8 (initial active 8) (4 cores per cpu, 2 threads per core) family 6 model 142 stepping 12 microcode 0xde, cx8, cmov, fxsr, ht, mmx, 3dnowpref, sse, sse2, sse3, ssse3, sse4.1, sse4.2, popcnt, lzcnt, tsc, tscinvbit, avx, avx2, aes, erms, clmul, bmi1, bmi2, adx, fma, vzeroupper, clflush, clflushopt
Processor Information for processor 0
  Max Mhz: 1992, Current Mhz: 1792, Mhz Limit: 1792
Processor Information for processor 1
  Max Mhz: 1992, Current Mhz: 1494, Mhz Limit: 1792
Processor Information for processor 2
  Max Mhz: 1992, Current Mhz: 1792, Mhz Limit: 1792
Processor Information for processor 3
  Max Mhz: 1992, Current Mhz: 1792, Mhz Limit: 1792
Processor Information for processor 4
  Max Mhz: 1992, Current Mhz: 1792, Mhz Limit: 1792
Processor Information for processor 5
  Max Mhz: 1992, Current Mhz: 1792, Mhz Limit: 1792
Processor Information for processor 6
  Max Mhz: 1992, Current Mhz: 1792, Mhz Limit: 1792
Processor Information for processor 7
  Max Mhz: 1992, Current Mhz: 1792, Mhz Limit: 1792

Memory: 4k page, system-wide physical 8043M (622M free)
TotalPageFile size 32619M (AvailPageFile size 6M)
current process WorkingSet (physical memory assigned to process): 11M, peak: 11M
current process commit charge ("private bytes"): 57M, peak: 58M

vm_info: OpenJDK 64-Bit Server VM (17.0.10+7-LTS) for windows-amd64 JRE (17.0.10+7-LTS), built on Jan 10 2024 22:11:07 by "Administrator" with MS VC++ 16.10 / 16.11 (VS2019)

END.
